<?xml version="1.0" encoding="UTF-8"?>
<!-- Generated by org.testng.reporters.JUnitReportReporter -->
<testsuite name="katalonTestScript" tests="1" time="9.158" ignored="0" failures="0" timestamp="11 juil. 2018 11:28:36 GMT" skipped="0" hostname="L4TVD-PC-09017" errors="0">
  <testcase name="test" time="9.158" classname="katalonTestScript"/>
</testsuite> <!-- katalonTestScript -->
